6407 warn optional SKIPPING OPTIONAL DEPENDENCY: fsevents@^1.0.0 (node_modules/chokidar/node_modules/fsevents):
6408 warn notsup SKIPPING OPTIONAL DEPENDENCY: Unsupported platform for fsevents@1.1.2: wanted {"os":"darwin","arch":"any"} (current: {"os":"linux","arch":"x64"})
6409 verbose notsup SKIPPING OPTIONAL DEPENDENCY: Valid OS:    darwin
6409 verbose notsup SKIPPING OPTIONAL DEPENDENCY: Valid Arch:  any
6409 verbose notsup SKIPPING OPTIONAL DEPENDENCY: Actual OS:   linux
6409 verbose notsup SKIPPING OPTIONAL DEPENDENCY: Actual Arch: x64
6410 warn optional SKIPPING OPTIONAL DEPENDENCY: node-sass@4.5.3 (node_modules/node-sass):
6411 warn optional SKIPPING OPTIONAL DEPENDENCY: node-sass@4.5.3 install: `node scripts/install.js`
6411 warn optional SKIPPING OPTIONAL DEPENDENCY: spawn sh ENOENT
6412 verbose optional SKIPPING OPTIONAL DEPENDENCY:
6412 verbose optional Failed at the node-sass@4.5.3 install script 'node scripts/install.js'.
6412 verbose optional SKIPPING OPTIONAL DEPENDENCY: Make sure you have the latest version of node.js and npm installed.
6412 verbose optional SKIPPING OPTIONAL DEPENDENCY: If you do, this is most likely a problem with the node-sass package,
6412 verbose optional SKIPPING OPTIONAL DEPENDENCY: not with npm itself.
6412 verbose optional SKIPPING OPTIONAL DEPENDENCY: Tell the author that this fails on your system:
6412 verbose optional SKIPPING OPTIONAL DEPENDENCY:     node scripts/install.js
6412 verbose optional SKIPPING OPTIONAL DEPENDENCY: You can get information on how to open an issue for this project with:
6412 verbose optional SKIPPING OPTIONAL DEPENDENCY:     npm bugs node-sass
6412 verbose optional SKIPPING OPTIONAL DEPENDENCY: Or if that isn't available, you can get their info via:
6412 verbose optional SKIPPING OPTIONAL DEPENDENCY:     npm owner ls node-sass
6412 verbose optional SKIPPING OPTIONAL DEPENDENCY: There is likely additional logging output above.
6413 warn optional SKIPPING OPTIONAL DEPENDENCY: node-sass@4.5.3 (node_modules/node-sass):
6414 warn optional SKIPPING OPTIONAL DEPENDENCY: node-sass@4.5.3 install: `node scripts/install.js`
6414 warn optional SKIPPING OPTIONAL DEPENDENCY: Exit status -2
6415 verbose optional SKIPPING OPTIONAL DEPENDENCY:
6415 verbose optional Failed at the node-sass@4.5.3 install script 'node scripts/install.js'.
6415 verbose optional SKIPPING OPTIONAL DEPENDENCY: Make sure you have the latest version of node.js and npm installed.
6415 verbose optional SKIPPING OPTIONAL DEPENDENCY: If you do, this is most likely a problem with the node-sass package,
6415 verbose optional SKIPPING OPTIONAL DEPENDENCY: not with npm itself.
6415 verbose optional SKIPPING OPTIONAL DEPENDENCY: Tell the author that this fails on your system:
6415 verbose optional SKIPPING OPTIONAL DEPENDENCY:     node scripts/install.js
6415 verbose optional SKIPPING OPTIONAL DEPENDENCY: You can get information on how to open an issue for this project with:
6415 verbose optional SKIPPING OPTIONAL DEPENDENCY:     npm bugs node-sass
6415 verbose optional SKIPPING OPTIONAL DEPENDENCY: Or if that isn't available, you can get their info via:
6415 verbose optional SKIPPING OPTIONAL DEPENDENCY:     npm owner ls node-sass
6415 verbose optional SKIPPING OPTIONAL DEPENDENCY: There is likely additional logging output above.
6416 verbose stack Error: Callback called more than once.
6416 verbose stack     at errorHandler (/opt/node-v6.11.1-linux-x64/lib/node_modules/npm/lib/utils/error-handler.js:112:16)
6416 verbose stack     at /opt/node-v6.11.1-linux-x64/lib/node_modules/npm/lib/install.js:312:7
6416 verbose stack     at LOOP (/opt/node-v6.11.1-linux-x64/lib/node_modules/npm/node_modules/slide/lib/chain.js:7:26)
6416 verbose stack     at /opt/node-v6.11.1-linux-x64/lib/node_modules/npm/node_modules/slide/lib/chain.js:18:7
6416 verbose stack     at /opt/node-v6.11.1-linux-x64/lib/node_modules/npm/lib/install/and-ignore-errors.js:7:15
6416 verbose stack     at Function.ls.fromTree (/opt/node-v6.11.1-linux-x64/lib/node_modules/npm/lib/ls.js:112:3)
6416 verbose stack     at /opt/node-v6.11.1-linux-x64/lib/node_modules/npm/lib/install.js:707:8
6416 verbose stack     at /opt/node-v6.11.1-linux-x64/lib/node_modules/npm/node_modules/iferr/index.js:13:50
6416 verbose stack     at /opt/node-v6.11.1-linux-x64/lib/node_modules/npm/lib/install/deps.js:175:5
6416 verbose stack     at LOOP (/opt/node-v6.11.1-linux-x64/lib/node_modules/npm/node_modules/slide/lib/chain.js:7:26)
6417 verbose cwd /home/dev/Inderjeet/Yojeet
6418 error Linux 4.4.0-75-generic
6419 error argv "/usr/bin/nodejs" "/usr/local/bin/npm" "install" "--save" "bootstrap"
6420 error node v8.4.0
6421 error npm  v3.10.10
6422 error Callback called more than once.
6423 error If you need help, you may report this error at:
6423 error     <https://github.com/npm/npm/issues>
6424 verbose exit [ 1, true ]
